2020-12-14 02:29:02,141 INF                  Slf4jBridgeUtility$       org.slf4j.bridge.SLF4JBridgeHandler installed.
2020-12-14 02:29:04,421 INF                  HttpMuxer$                HttpMuxer[/admin/metrics.json] = com.twitter.finagle.stats.MetricsExporter(com.twitter.finagle.stats.MetricsExporter)
2020-12-14 02:29:04,424 INF                  HttpMuxer$                HttpMuxer[/admin/per_host_metrics.json] = com.twitter.finagle.stats.HostMetricsExporter(com.twitter.finagle.stats.HostMetricsExporter)
2020-12-14 02:29:04,689 INF                  MainApp$                  Process started
2020-12-14 02:29:05,169 INF                  MainApp$                  admin http is disabled and will not be started.
2020-12-14 02:29:09,857 INF                  Slf4jBridgeUtility$       org.slf4j.bridge.SLF4JBridgeHandler installed.
2020-12-14 02:29:11,362 INF                  HttpMuxer$                HttpMuxer[/admin/metrics.json] = com.twitter.finagle.stats.MetricsExporter(com.twitter.finagle.stats.MetricsExporter)
2020-12-14 02:29:11,367 INF                  HttpMuxer$                HttpMuxer[/admin/per_host_metrics.json] = com.twitter.finagle.stats.HostMetricsExporter(com.twitter.finagle.stats.HostMetricsExporter)
2020-12-14 02:29:11,698 INF                  MainApp$                  Process started
2020-12-14 02:29:12,495 INF                  MainApp$                  admin http is disabled and will not be started.
2020-12-14 02:29:18,542 INF                  Slf4jBridgeUtility$       org.slf4j.bridge.SLF4JBridgeHandler installed.
2020-12-14 02:29:20,045 INF                  HttpMuxer$                HttpMuxer[/admin/metrics.json] = com.twitter.finagle.stats.MetricsExporter(com.twitter.finagle.stats.MetricsExporter)
2020-12-14 02:29:20,049 INF                  HttpMuxer$                HttpMuxer[/admin/per_host_metrics.json] = com.twitter.finagle.stats.HostMetricsExporter(com.twitter.finagle.stats.HostMetricsExporter)
2020-12-14 02:29:20,278 INF                  MainApp$                  Process started
2020-12-14 02:29:20,792 INF                  MainApp$                  admin http is disabled and will not be started.
2020-12-14 02:29:26,248 INF                  Slf4jBridgeUtility$       org.slf4j.bridge.SLF4JBridgeHandler installed.
2020-12-14 02:29:28,626 INF                  HttpMuxer$                HttpMuxer[/admin/metrics.json] = com.twitter.finagle.stats.MetricsExporter(com.twitter.finagle.stats.MetricsExporter)
2020-12-14 02:29:28,631 INF                  HttpMuxer$                HttpMuxer[/admin/per_host_metrics.json] = com.twitter.finagle.stats.HostMetricsExporter(com.twitter.finagle.stats.HostMetricsExporter)
2020-12-14 02:29:28,841 INF                  MainApp$                  Process started
2020-12-14 02:29:29,373 INF                  MainApp$                  admin http is disabled and will not be started.
2020-12-14 02:29:35,638 INF                  Slf4jBridgeUtility$       org.slf4j.bridge.SLF4JBridgeHandler installed.
2020-12-14 02:29:37,543 INF                  HttpMuxer$                HttpMuxer[/admin/metrics.json] = com.twitter.finagle.stats.MetricsExporter(com.twitter.finagle.stats.MetricsExporter)
2020-12-14 02:29:37,551 INF                  HttpMuxer$                HttpMuxer[/admin/per_host_metrics.json] = com.twitter.finagle.stats.HostMetricsExporter(com.twitter.finagle.stats.HostMetricsExporter)
2020-12-14 02:29:38,033 INF                  MainApp$                  Process started
2020-12-14 02:29:38,812 INF                  MainApp$                  admin http is disabled and will not be started.
2020-12-14 02:29:45,881 INF                  Slf4jBridgeUtility$       org.slf4j.bridge.SLF4JBridgeHandler installed.
2020-12-14 02:29:47,976 INF                  HttpMuxer$                HttpMuxer[/admin/metrics.json] = com.twitter.finagle.stats.MetricsExporter(com.twitter.finagle.stats.MetricsExporter)
2020-12-14 02:29:47,984 INF                  HttpMuxer$                HttpMuxer[/admin/per_host_metrics.json] = com.twitter.finagle.stats.HostMetricsExporter(com.twitter.finagle.stats.HostMetricsExporter)
2020-12-14 02:29:48,258 INF                  MainApp$                  Process started
2020-12-14 02:29:49,253 INF                  MainApp$                  admin http is disabled and will not be started.
2020-12-14 02:29:59,103 INF                  Slf4jBridgeUtility$       org.slf4j.bridge.SLF4JBridgeHandler installed.
2020-12-14 02:30:01,108 INF                  HttpMuxer$                HttpMuxer[/admin/metrics.json] = com.twitter.finagle.stats.MetricsExporter(com.twitter.finagle.stats.MetricsExporter)
2020-12-14 02:30:01,112 INF                  HttpMuxer$                HttpMuxer[/admin/per_host_metrics.json] = com.twitter.finagle.stats.HostMetricsExporter(com.twitter.finagle.stats.HostMetricsExporter)
2020-12-14 02:30:01,509 INF                  MainApp$                  Process started
2020-12-14 02:30:02,451 INF                  MainApp$                  admin http is disabled and will not be started.
2020-12-14 02:30:10,662 INF                  Slf4jBridgeUtility$       org.slf4j.bridge.SLF4JBridgeHandler installed.
2020-12-14 02:30:13,478 INF                  HttpMuxer$                HttpMuxer[/admin/metrics.json] = com.twitter.finagle.stats.MetricsExporter(com.twitter.finagle.stats.MetricsExporter)
2020-12-14 02:30:13,489 INF                  HttpMuxer$                HttpMuxer[/admin/per_host_metrics.json] = com.twitter.finagle.stats.HostMetricsExporter(com.twitter.finagle.stats.HostMetricsExporter)
2020-12-14 02:30:13,902 INF                  MainApp$                  Process started
2020-12-14 02:30:14,727 INF                  MainApp$                  admin http is disabled and will not be started.
2020-12-14 02:30:20,579 INF                  Slf4jBridgeUtility$       org.slf4j.bridge.SLF4JBridgeHandler installed.
2020-12-14 02:30:24,032 INF                  HttpMuxer$                HttpMuxer[/admin/metrics.json] = com.twitter.finagle.stats.MetricsExporter(com.twitter.finagle.stats.MetricsExporter)
2020-12-14 02:30:24,039 INF                  HttpMuxer$                HttpMuxer[/admin/per_host_metrics.json] = com.twitter.finagle.stats.HostMetricsExporter(com.twitter.finagle.stats.HostMetricsExporter)
2020-12-14 02:30:24,431 INF                  MainApp$                  Process started
2020-12-14 02:30:25,196 INF                  MainApp$                  admin http is disabled and will not be started.
2020-12-14 02:30:34,520 INF                  Slf4jBridgeUtility$       org.slf4j.bridge.SLF4JBridgeHandler installed.
2020-12-14 02:30:37,643 INF                  HttpMuxer$                HttpMuxer[/admin/metrics.json] = com.twitter.finagle.stats.MetricsExporter(com.twitter.finagle.stats.MetricsExporter)
2020-12-14 02:30:37,657 INF                  HttpMuxer$                HttpMuxer[/admin/per_host_metrics.json] = com.twitter.finagle.stats.HostMetricsExporter(com.twitter.finagle.stats.HostMetricsExporter)
2020-12-14 02:30:38,215 INF                  MainApp$                  Process started
2020-12-14 02:30:39,522 INF                  MainApp$                  admin http is disabled and will not be started.
2020-12-14 02:30:48,408 INF                  Slf4jBridgeUtility$       org.slf4j.bridge.SLF4JBridgeHandler installed.
2020-12-14 02:30:51,652 INF                  HttpMuxer$                HttpMuxer[/admin/metrics.json] = com.twitter.finagle.stats.MetricsExporter(com.twitter.finagle.stats.MetricsExporter)
2020-12-14 02:30:51,660 INF                  HttpMuxer$                HttpMuxer[/admin/per_host_metrics.json] = com.twitter.finagle.stats.HostMetricsExporter(com.twitter.finagle.stats.HostMetricsExporter)
2020-12-14 02:30:52,105 INF                  MainApp$                  Process started
2020-12-14 02:30:53,040 INF                  MainApp$                  admin http is disabled and will not be started.
2020-12-14 02:31:02,727 INF                  Slf4jBridgeUtility$       org.slf4j.bridge.SLF4JBridgeHandler installed.
2020-12-14 02:31:05,988 INF                  HttpMuxer$                HttpMuxer[/admin/metrics.json] = com.twitter.finagle.stats.MetricsExporter(com.twitter.finagle.stats.MetricsExporter)
2020-12-14 02:31:05,994 INF                  HttpMuxer$                HttpMuxer[/admin/per_host_metrics.json] = com.twitter.finagle.stats.HostMetricsExporter(com.twitter.finagle.stats.HostMetricsExporter)
2020-12-14 02:31:06,564 INF                  MainApp$                  Process started
2020-12-14 02:31:07,602 INF                  MainApp$                  admin http is disabled and will not be started.
2020-12-14 02:31:16,406 INF                  Slf4jBridgeUtility$       org.slf4j.bridge.SLF4JBridgeHandler installed.
2020-12-14 02:31:19,934 INF                  HttpMuxer$                HttpMuxer[/admin/metrics.json] = com.twitter.finagle.stats.MetricsExporter(com.twitter.finagle.stats.MetricsExporter)
2020-12-14 02:31:19,941 INF                  HttpMuxer$                HttpMuxer[/admin/per_host_metrics.json] = com.twitter.finagle.stats.HostMetricsExporter(com.twitter.finagle.stats.HostMetricsExporter)
2020-12-14 02:31:20,258 INF                  MainApp$                  Process started
2020-12-14 02:31:21,106 INF                  MainApp$                  admin http is disabled and will not be started.
2020-12-14 02:31:31,380 INF                  Slf4jBridgeUtility$       org.slf4j.bridge.SLF4JBridgeHandler installed.
2020-12-14 02:31:36,213 INF                  HttpMuxer$                HttpMuxer[/admin/metrics.json] = com.twitter.finagle.stats.MetricsExporter(com.twitter.finagle.stats.MetricsExporter)
2020-12-14 02:31:36,225 INF                  HttpMuxer$                HttpMuxer[/admin/per_host_metrics.json] = com.twitter.finagle.stats.HostMetricsExporter(com.twitter.finagle.stats.HostMetricsExporter)
2020-12-14 02:31:36,666 INF                  MainApp$                  Process started
2020-12-14 02:31:37,813 INF                  MainApp$                  admin http is disabled and will not be started.
2020-12-14 02:31:48,299 INF                  Slf4jBridgeUtility$       org.slf4j.bridge.SLF4JBridgeHandler installed.
2020-12-14 02:31:54,442 INF                  HttpMuxer$                HttpMuxer[/admin/metrics.json] = com.twitter.finagle.stats.MetricsExporter(com.twitter.finagle.stats.MetricsExporter)
2020-12-14 02:31:54,463 INF                  HttpMuxer$                HttpMuxer[/admin/per_host_metrics.json] = com.twitter.finagle.stats.HostMetricsExporter(com.twitter.finagle.stats.HostMetricsExporter)
2020-12-14 02:31:55,948 INF                  MainApp$                  Process started
2020-12-14 02:31:59,153 INF                  MainApp$                  admin http is disabled and will not be started.
2020-12-14 02:32:14,857 INF                  Slf4jBridgeUtility$       org.slf4j.bridge.SLF4JBridgeHandler installed.
2020-12-14 02:32:20,952 INF                  HttpMuxer$                HttpMuxer[/admin/metrics.json] = com.twitter.finagle.stats.MetricsExporter(com.twitter.finagle.stats.MetricsExporter)
2020-12-14 02:32:20,957 INF                  HttpMuxer$                HttpMuxer[/admin/per_host_metrics.json] = com.twitter.finagle.stats.HostMetricsExporter(com.twitter.finagle.stats.HostMetricsExporter)
2020-12-14 02:32:21,751 INF                  MainApp$                  Process started
2020-12-14 02:32:23,196 INF                  MainApp$                  admin http is disabled and will not be started.
2020-12-14 02:32:30,572 INF                  Slf4jBridgeUtility$       org.slf4j.bridge.SLF4JBridgeHandler installed.
2020-12-14 02:32:33,434 INF                  HttpMuxer$                HttpMuxer[/admin/metrics.json] = com.twitter.finagle.stats.MetricsExporter(com.twitter.finagle.stats.MetricsExporter)
2020-12-14 02:32:33,445 INF                  HttpMuxer$                HttpMuxer[/admin/per_host_metrics.json] = com.twitter.finagle.stats.HostMetricsExporter(com.twitter.finagle.stats.HostMetricsExporter)
2020-12-14 02:32:33,819 INF                  MainApp$                  Process started
2020-12-14 02:32:34,616 INF                  MainApp$                  admin http is disabled and will not be started.
2020-12-14 02:32:41,039 INF                  Slf4jBridgeUtility$       org.slf4j.bridge.SLF4JBridgeHandler installed.
2020-12-14 02:32:45,006 INF                  HttpMuxer$                HttpMuxer[/admin/metrics.json] = com.twitter.finagle.stats.MetricsExporter(com.twitter.finagle.stats.MetricsExporter)
2020-12-14 02:32:45,012 INF                  HttpMuxer$                HttpMuxer[/admin/per_host_metrics.json] = com.twitter.finagle.stats.HostMetricsExporter(com.twitter.finagle.stats.HostMetricsExporter)
2020-12-14 02:32:45,383 INF                  MainApp$                  Process started
2020-12-14 02:32:46,680 INF                  MainApp$                  admin http is disabled and will not be started.
2020-12-14 02:32:54,838 INF                  Slf4jBridgeUtility$       org.slf4j.bridge.SLF4JBridgeHandler installed.
2020-12-14 02:32:57,897 INF                  HttpMuxer$                HttpMuxer[/admin/metrics.json] = com.twitter.finagle.stats.MetricsExporter(com.twitter.finagle.stats.MetricsExporter)
2020-12-14 02:32:57,902 INF                  HttpMuxer$                HttpMuxer[/admin/per_host_metrics.json] = com.twitter.finagle.stats.HostMetricsExporter(com.twitter.finagle.stats.HostMetricsExporter)
2020-12-14 02:32:58,233 INF                  MainApp$                  Process started
2020-12-14 02:32:58,944 INF                  MainApp$                  admin http is disabled and will not be started.
2020-12-14 02:33:07,340 INF                  Slf4jBridgeUtility$       org.slf4j.bridge.SLF4JBridgeHandler installed.
2020-12-14 02:33:10,696 INF                  HttpMuxer$                HttpMuxer[/admin/metrics.json] = com.twitter.finagle.stats.MetricsExporter(com.twitter.finagle.stats.MetricsExporter)
2020-12-14 02:33:10,705 INF                  HttpMuxer$                HttpMuxer[/admin/per_host_metrics.json] = com.twitter.finagle.stats.HostMetricsExporter(com.twitter.finagle.stats.HostMetricsExporter)
2020-12-14 02:33:11,273 INF                  MainApp$                  Process started
2020-12-14 02:33:12,347 INF                  MainApp$                  admin http is disabled and will not be started.
2020-12-14 02:33:20,645 INF                  Slf4jBridgeUtility$       org.slf4j.bridge.SLF4JBridgeHandler installed.
2020-12-14 02:33:23,381 INF                  HttpMuxer$                HttpMuxer[/admin/metrics.json] = com.twitter.finagle.stats.MetricsExporter(com.twitter.finagle.stats.MetricsExporter)
2020-12-14 02:33:23,385 INF                  HttpMuxer$                HttpMuxer[/admin/per_host_metrics.json] = com.twitter.finagle.stats.HostMetricsExporter(com.twitter.finagle.stats.HostMetricsExporter)
2020-12-14 02:33:23,768 INF                  MainApp$                  Process started
2020-12-14 02:33:24,892 INF                  MainApp$                  admin http is disabled and will not be started.
2020-12-14 02:33:31,727 INF                  Slf4jBridgeUtility$       org.slf4j.bridge.SLF4JBridgeHandler installed.
2020-12-14 02:33:34,385 INF                  HttpMuxer$                HttpMuxer[/admin/metrics.json] = com.twitter.finagle.stats.MetricsExporter(com.twitter.finagle.stats.MetricsExporter)
2020-12-14 02:33:34,393 INF                  HttpMuxer$                HttpMuxer[/admin/per_host_metrics.json] = com.twitter.finagle.stats.HostMetricsExporter(com.twitter.finagle.stats.HostMetricsExporter)
2020-12-14 02:33:34,801 INF                  MainApp$                  Process started
2020-12-14 02:33:35,557 INF                  MainApp$                  admin http is disabled and will not be started.
2020-12-14 02:33:44,229 INF                  Slf4jBridgeUtility$       org.slf4j.bridge.SLF4JBridgeHandler installed.
2020-12-14 02:33:47,298 INF                  HttpMuxer$                HttpMuxer[/admin/metrics.json] = com.twitter.finagle.stats.MetricsExporter(com.twitter.finagle.stats.MetricsExporter)
2020-12-14 02:33:47,313 INF                  HttpMuxer$                HttpMuxer[/admin/per_host_metrics.json] = com.twitter.finagle.stats.HostMetricsExporter(com.twitter.finagle.stats.HostMetricsExporter)
2020-12-14 02:33:47,736 INF                  MainApp$                  Process started
2020-12-14 02:33:48,585 INF                  MainApp$                  admin http is disabled and will not be started.
2020-12-14 02:33:56,679 INF                  Slf4jBridgeUtility$       org.slf4j.bridge.SLF4JBridgeHandler installed.
2020-12-14 02:33:59,945 INF                  HttpMuxer$                HttpMuxer[/admin/metrics.json] = com.twitter.finagle.stats.MetricsExporter(com.twitter.finagle.stats.MetricsExporter)
2020-12-14 02:33:59,949 INF                  HttpMuxer$                HttpMuxer[/admin/per_host_metrics.json] = com.twitter.finagle.stats.HostMetricsExporter(com.twitter.finagle.stats.HostMetricsExporter)
2020-12-14 02:34:00,143 INF                  MainApp$                  Process started
2020-12-14 02:34:00,538 INF                  MainApp$                  admin http is disabled and will not be started.
2020-12-14 02:51:56,533 INF                  Slf4jBridgeUtility$       org.slf4j.bridge.SLF4JBridgeHandler installed.
2020-12-14 02:51:58,664 INF                  HttpMuxer$                HttpMuxer[/admin/metrics.json] = com.twitter.finagle.stats.MetricsExporter(com.twitter.finagle.stats.MetricsExporter)
2020-12-14 02:51:58,667 INF                  HttpMuxer$                HttpMuxer[/admin/per_host_metrics.json] = com.twitter.finagle.stats.HostMetricsExporter(com.twitter.finagle.stats.HostMetricsExporter)
2020-12-14 02:51:58,931 INF                  MainApp$                  Process started
2020-12-14 02:51:59,429 INF                  MainApp$                  admin http is disabled and will not be started.
2020-12-14 02:52:04,325 INF                  Slf4jBridgeUtility$       org.slf4j.bridge.SLF4JBridgeHandler installed.
2020-12-14 02:52:05,995 INF                  HttpMuxer$                HttpMuxer[/admin/metrics.json] = com.twitter.finagle.stats.MetricsExporter(com.twitter.finagle.stats.MetricsExporter)
2020-12-14 02:52:06,000 INF                  HttpMuxer$                HttpMuxer[/admin/per_host_metrics.json] = com.twitter.finagle.stats.HostMetricsExporter(com.twitter.finagle.stats.HostMetricsExporter)
2020-12-14 02:52:06,161 INF                  MainApp$                  Process started
2020-12-14 02:52:06,610 INF                  MainApp$                  admin http is disabled and will not be started.
2020-12-14 02:52:10,787 INF                  Slf4jBridgeUtility$       org.slf4j.bridge.SLF4JBridgeHandler installed.
2020-12-14 02:52:12,245 INF                  HttpMuxer$                HttpMuxer[/admin/metrics.json] = com.twitter.finagle.stats.MetricsExporter(com.twitter.finagle.stats.MetricsExporter)
2020-12-14 02:52:12,250 INF                  HttpMuxer$                HttpMuxer[/admin/per_host_metrics.json] = com.twitter.finagle.stats.HostMetricsExporter(com.twitter.finagle.stats.HostMetricsExporter)
2020-12-14 02:52:12,494 INF                  MainApp$                  Process started
2020-12-14 02:52:12,933 INF                  MainApp$                  admin http is disabled and will not be started.
2020-12-14 02:52:17,143 INF                  Slf4jBridgeUtility$       org.slf4j.bridge.SLF4JBridgeHandler installed.
2020-12-14 02:52:19,110 INF                  HttpMuxer$                HttpMuxer[/admin/metrics.json] = com.twitter.finagle.stats.MetricsExporter(com.twitter.finagle.stats.MetricsExporter)
2020-12-14 02:52:19,114 INF                  HttpMuxer$                HttpMuxer[/admin/per_host_metrics.json] = com.twitter.finagle.stats.HostMetricsExporter(com.twitter.finagle.stats.HostMetricsExporter)
2020-12-14 02:52:19,613 INF                  MainApp$                  Process started
2020-12-14 02:52:20,501 INF                  MainApp$                  admin http is disabled and will not be started.
2020-12-14 02:52:25,656 INF                  Slf4jBridgeUtility$       org.slf4j.bridge.SLF4JBridgeHandler installed.
2020-12-14 02:52:27,530 INF                  HttpMuxer$                HttpMuxer[/admin/metrics.json] = com.twitter.finagle.stats.MetricsExporter(com.twitter.finagle.stats.MetricsExporter)
2020-12-14 02:52:27,540 INF                  HttpMuxer$                HttpMuxer[/admin/per_host_metrics.json] = com.twitter.finagle.stats.HostMetricsExporter(com.twitter.finagle.stats.HostMetricsExporter)
2020-12-14 02:52:27,820 INF                  MainApp$                  Process started
2020-12-14 02:52:28,200 INF                  MainApp$                  admin http is disabled and will not be started.
2020-12-14 02:52:34,165 INF                  Slf4jBridgeUtility$       org.slf4j.bridge.SLF4JBridgeHandler installed.
2020-12-14 02:52:36,541 INF                  HttpMuxer$                HttpMuxer[/admin/metrics.json] = com.twitter.finagle.stats.MetricsExporter(com.twitter.finagle.stats.MetricsExporter)
2020-12-14 02:52:36,547 INF                  HttpMuxer$                HttpMuxer[/admin/per_host_metrics.json] = com.twitter.finagle.stats.HostMetricsExporter(com.twitter.finagle.stats.HostMetricsExporter)
2020-12-14 02:52:36,958 INF                  MainApp$                  Process started
2020-12-14 02:52:37,648 INF                  MainApp$                  admin http is disabled and will not be started.
2020-12-14 02:52:44,979 INF                  Slf4jBridgeUtility$       org.slf4j.bridge.SLF4JBridgeHandler installed.
2020-12-14 02:52:46,903 INF                  HttpMuxer$                HttpMuxer[/admin/metrics.json] = com.twitter.finagle.stats.MetricsExporter(com.twitter.finagle.stats.MetricsExporter)
2020-12-14 02:52:46,907 INF                  HttpMuxer$                HttpMuxer[/admin/per_host_metrics.json] = com.twitter.finagle.stats.HostMetricsExporter(com.twitter.finagle.stats.HostMetricsExporter)
2020-12-14 02:52:47,196 INF                  MainApp$                  Process started
2020-12-14 02:52:47,772 INF                  MainApp$                  admin http is disabled and will not be started.
2020-12-14 02:52:58,730 INF                  Slf4jBridgeUtility$       org.slf4j.bridge.SLF4JBridgeHandler installed.
2020-12-14 02:53:00,644 INF                  HttpMuxer$                HttpMuxer[/admin/metrics.json] = com.twitter.finagle.stats.MetricsExporter(com.twitter.finagle.stats.MetricsExporter)
2020-12-14 02:53:00,658 INF                  HttpMuxer$                HttpMuxer[/admin/per_host_metrics.json] = com.twitter.finagle.stats.HostMetricsExporter(com.twitter.finagle.stats.HostMetricsExporter)
2020-12-14 02:53:00,887 INF                  MainApp$                  Process started
2020-12-14 02:53:01,474 INF                  MainApp$                  admin http is disabled and will not be started.
2020-12-14 02:53:19,034 INF                  Slf4jBridgeUtility$       org.slf4j.bridge.SLF4JBridgeHandler installed.
2020-12-14 02:53:21,738 INF                  HttpMuxer$                HttpMuxer[/admin/metrics.json] = com.twitter.finagle.stats.MetricsExporter(com.twitter.finagle.stats.MetricsExporter)
2020-12-14 02:53:21,743 INF                  HttpMuxer$                HttpMuxer[/admin/per_host_metrics.json] = com.twitter.finagle.stats.HostMetricsExporter(com.twitter.finagle.stats.HostMetricsExporter)
2020-12-14 02:53:22,059 INF                  MainApp$                  Process started
2020-12-14 02:53:22,671 INF                  MainApp$                  admin http is disabled and will not be started.
2020-12-14 02:53:53,191 INF                  Slf4jBridgeUtility$       org.slf4j.bridge.SLF4JBridgeHandler installed.
2020-12-14 02:53:55,013 INF                  HttpMuxer$                HttpMuxer[/admin/metrics.json] = com.twitter.finagle.stats.MetricsExporter(com.twitter.finagle.stats.MetricsExporter)
2020-12-14 02:53:55,019 INF                  HttpMuxer$                HttpMuxer[/admin/per_host_metrics.json] = com.twitter.finagle.stats.HostMetricsExporter(com.twitter.finagle.stats.HostMetricsExporter)
2020-12-14 02:53:55,317 INF                  MainApp$                  Process started
2020-12-14 02:53:55,870 INF                  MainApp$                  admin http is disabled and will not be started.
2020-12-14 02:54:50,336 INF                  Slf4jBridgeUtility$       org.slf4j.bridge.SLF4JBridgeHandler installed.
2020-12-14 02:54:51,765 INF                  HttpMuxer$                HttpMuxer[/admin/metrics.json] = com.twitter.finagle.stats.MetricsExporter(com.twitter.finagle.stats.MetricsExporter)
2020-12-14 02:54:51,768 INF                  HttpMuxer$                HttpMuxer[/admin/per_host_metrics.json] = com.twitter.finagle.stats.HostMetricsExporter(com.twitter.finagle.stats.HostMetricsExporter)
2020-12-14 02:54:51,935 INF                  MainApp$                  Process started
2020-12-14 02:54:52,441 INF                  MainApp$                  admin http is disabled and will not be started.
2020-12-14 02:55:58,975 INF                  Slf4jBridgeUtility$       org.slf4j.bridge.SLF4JBridgeHandler installed.
2020-12-14 02:56:01,824 INF                  HttpMuxer$                HttpMuxer[/admin/metrics.json] = com.twitter.finagle.stats.MetricsExporter(com.twitter.finagle.stats.MetricsExporter)
2020-12-14 02:56:01,841 INF                  HttpMuxer$                HttpMuxer[/admin/per_host_metrics.json] = com.twitter.finagle.stats.HostMetricsExporter(com.twitter.finagle.stats.HostMetricsExporter)
2020-12-14 02:56:02,358 INF                  MainApp$                  Process started
2020-12-14 02:56:03,529 INF                  MainApp$                  admin http is disabled and will not be started.
2020-12-14 02:56:11,416 INF                  Slf4jBridgeUtility$       org.slf4j.bridge.SLF4JBridgeHandler installed.
2020-12-14 02:56:14,467 INF                  HttpMuxer$                HttpMuxer[/admin/metrics.json] = com.twitter.finagle.stats.MetricsExporter(com.twitter.finagle.stats.MetricsExporter)
2020-12-14 02:56:14,475 INF                  HttpMuxer$                HttpMuxer[/admin/per_host_metrics.json] = com.twitter.finagle.stats.HostMetricsExporter(com.twitter.finagle.stats.HostMetricsExporter)
2020-12-14 02:56:14,836 INF                  MainApp$                  Process started
2020-12-14 02:56:15,619 INF                  MainApp$                  admin http is disabled and will not be started.
2020-12-14 02:56:22,101 INF                  Slf4jBridgeUtility$       org.slf4j.bridge.SLF4JBridgeHandler installed.
2020-12-14 02:56:24,681 INF                  HttpMuxer$                HttpMuxer[/admin/metrics.json] = com.twitter.finagle.stats.MetricsExporter(com.twitter.finagle.stats.MetricsExporter)
2020-12-14 02:56:24,700 INF                  HttpMuxer$                HttpMuxer[/admin/per_host_metrics.json] = com.twitter.finagle.stats.HostMetricsExporter(com.twitter.finagle.stats.HostMetricsExporter)
2020-12-14 02:56:25,252 INF                  MainApp$                  Process started
2020-12-14 02:56:25,939 INF                  MainApp$                  admin http is disabled and will not be started.
2020-12-14 02:56:31,749 INF                  Slf4jBridgeUtility$       org.slf4j.bridge.SLF4JBridgeHandler installed.
2020-12-14 02:56:35,592 INF                  HttpMuxer$                HttpMuxer[/admin/metrics.json] = com.twitter.finagle.stats.MetricsExporter(com.twitter.finagle.stats.MetricsExporter)
2020-12-14 02:56:35,599 INF                  HttpMuxer$                HttpMuxer[/admin/per_host_metrics.json] = com.twitter.finagle.stats.HostMetricsExporter(com.twitter.finagle.stats.HostMetricsExporter)
2020-12-14 02:56:36,063 INF                  MainApp$                  Process started
2020-12-14 02:56:36,873 INF                  MainApp$                  admin http is disabled and will not be started.
2020-12-14 02:56:44,229 INF                  Slf4jBridgeUtility$       org.slf4j.bridge.SLF4JBridgeHandler installed.
2020-12-14 02:56:48,056 INF                  HttpMuxer$                HttpMuxer[/admin/metrics.json] = com.twitter.finagle.stats.MetricsExporter(com.twitter.finagle.stats.MetricsExporter)
2020-12-14 02:56:48,066 INF                  HttpMuxer$                HttpMuxer[/admin/per_host_metrics.json] = com.twitter.finagle.stats.HostMetricsExporter(com.twitter.finagle.stats.HostMetricsExporter)
2020-12-14 02:56:48,714 INF                  MainApp$                  Process started
2020-12-14 02:56:49,857 INF                  MainApp$                  admin http is disabled and will not be started.
2020-12-14 02:56:58,749 INF                  Slf4jBridgeUtility$       org.slf4j.bridge.SLF4JBridgeHandler installed.
2020-12-14 02:57:01,811 INF                  HttpMuxer$                HttpMuxer[/admin/metrics.json] = com.twitter.finagle.stats.MetricsExporter(com.twitter.finagle.stats.MetricsExporter)
2020-12-14 02:57:01,836 INF                  HttpMuxer$                HttpMuxer[/admin/per_host_metrics.json] = com.twitter.finagle.stats.HostMetricsExporter(com.twitter.finagle.stats.HostMetricsExporter)
2020-12-14 02:57:02,294 INF                  MainApp$                  Process started
2020-12-14 02:57:03,264 INF                  MainApp$                  admin http is disabled and will not be started.
2020-12-14 02:57:12,675 INF                  Slf4jBridgeUtility$       org.slf4j.bridge.SLF4JBridgeHandler installed.
2020-12-14 02:57:15,708 INF                  HttpMuxer$                HttpMuxer[/admin/metrics.json] = com.twitter.finagle.stats.MetricsExporter(com.twitter.finagle.stats.MetricsExporter)
2020-12-14 02:57:15,718 INF                  HttpMuxer$                HttpMuxer[/admin/per_host_metrics.json] = com.twitter.finagle.stats.HostMetricsExporter(com.twitter.finagle.stats.HostMetricsExporter)
2020-12-14 02:57:16,103 INF                  MainApp$                  Process started
2020-12-14 02:57:16,981 INF                  MainApp$                  admin http is disabled and will not be started.
2020-12-14 02:57:24,602 INF                  Slf4jBridgeUtility$       org.slf4j.bridge.SLF4JBridgeHandler installed.
2020-12-14 02:57:28,247 INF                  HttpMuxer$                HttpMuxer[/admin/metrics.json] = com.twitter.finagle.stats.MetricsExporter(com.twitter.finagle.stats.MetricsExporter)
2020-12-14 02:57:28,259 INF                  HttpMuxer$                HttpMuxer[/admin/per_host_metrics.json] = com.twitter.finagle.stats.HostMetricsExporter(com.twitter.finagle.stats.HostMetricsExporter)
2020-12-14 02:57:28,641 INF                  MainApp$                  Process started
2020-12-14 02:57:29,443 INF                  MainApp$                  admin http is disabled and will not be started.
2020-12-14 02:57:37,197 INF                  Slf4jBridgeUtility$       org.slf4j.bridge.SLF4JBridgeHandler installed.
2020-12-14 02:57:40,569 INF                  HttpMuxer$                HttpMuxer[/admin/metrics.json] = com.twitter.finagle.stats.MetricsExporter(com.twitter.finagle.stats.MetricsExporter)
2020-12-14 02:57:40,585 INF                  HttpMuxer$                HttpMuxer[/admin/per_host_metrics.json] = com.twitter.finagle.stats.HostMetricsExporter(com.twitter.finagle.stats.HostMetricsExporter)
2020-12-14 02:57:41,110 INF                  MainApp$                  Process started
2020-12-14 02:57:42,324 INF                  MainApp$                  admin http is disabled and will not be started.
2020-12-14 02:57:49,946 INF                  Slf4jBridgeUtility$       org.slf4j.bridge.SLF4JBridgeHandler installed.
2020-12-14 02:57:53,192 INF                  HttpMuxer$                HttpMuxer[/admin/metrics.json] = com.twitter.finagle.stats.MetricsExporter(com.twitter.finagle.stats.MetricsExporter)
2020-12-14 02:57:53,198 INF                  HttpMuxer$                HttpMuxer[/admin/per_host_metrics.json] = com.twitter.finagle.stats.HostMetricsExporter(com.twitter.finagle.stats.HostMetricsExporter)
2020-12-14 02:57:53,805 INF                  MainApp$                  Process started
2020-12-14 02:57:55,170 INF                  MainApp$                  admin http is disabled and will not be started.
2020-12-14 02:58:04,199 INF                  Slf4jBridgeUtility$       org.slf4j.bridge.SLF4JBridgeHandler installed.
2020-12-14 02:58:08,232 INF                  HttpMuxer$                HttpMuxer[/admin/metrics.json] = com.twitter.finagle.stats.MetricsExporter(com.twitter.finagle.stats.MetricsExporter)
2020-12-14 02:58:08,250 INF                  HttpMuxer$                HttpMuxer[/admin/per_host_metrics.json] = com.twitter.finagle.stats.HostMetricsExporter(com.twitter.finagle.stats.HostMetricsExporter)
2020-12-14 02:58:09,109 INF                  MainApp$                  Process started
2020-12-14 02:58:11,164 INF                  MainApp$                  admin http is disabled and will not be started.
2020-12-14 02:58:21,208 INF                  Slf4jBridgeUtility$       org.slf4j.bridge.SLF4JBridgeHandler installed.
2020-12-14 02:58:25,983 INF                  HttpMuxer$                HttpMuxer[/admin/metrics.json] = com.twitter.finagle.stats.MetricsExporter(com.twitter.finagle.stats.MetricsExporter)
2020-12-14 02:58:25,994 INF                  HttpMuxer$                HttpMuxer[/admin/per_host_metrics.json] = com.twitter.finagle.stats.HostMetricsExporter(com.twitter.finagle.stats.HostMetricsExporter)
2020-12-14 02:58:26,625 INF                  MainApp$                  Process started
2020-12-14 02:58:27,803 INF                  MainApp$                  admin http is disabled and will not be started.
2020-12-14 02:58:36,114 INF                  Slf4jBridgeUtility$       org.slf4j.bridge.SLF4JBridgeHandler installed.
2020-12-14 02:58:39,617 INF                  HttpMuxer$                HttpMuxer[/admin/metrics.json] = com.twitter.finagle.stats.MetricsExporter(com.twitter.finagle.stats.MetricsExporter)
2020-12-14 02:58:39,624 INF                  HttpMuxer$                HttpMuxer[/admin/per_host_metrics.json] = com.twitter.finagle.stats.HostMetricsExporter(com.twitter.finagle.stats.HostMetricsExporter)
2020-12-14 02:58:40,110 INF                  MainApp$                  Process started
2020-12-14 02:58:41,290 INF                  MainApp$                  admin http is disabled and will not be started.
2020-12-14 02:58:50,825 INF                  Slf4jBridgeUtility$       org.slf4j.bridge.SLF4JBridgeHandler installed.
2020-12-14 02:58:55,771 INF                  HttpMuxer$                HttpMuxer[/admin/metrics.json] = com.twitter.finagle.stats.MetricsExporter(com.twitter.finagle.stats.MetricsExporter)
2020-12-14 02:58:55,778 INF                  HttpMuxer$                HttpMuxer[/admin/per_host_metrics.json] = com.twitter.finagle.stats.HostMetricsExporter(com.twitter.finagle.stats.HostMetricsExporter)
2020-12-14 02:58:56,425 INF                  MainApp$                  Process started
2020-12-14 02:58:57,641 INF                  MainApp$                  admin http is disabled and will not be started.
2020-12-14 02:59:10,648 INF                  Slf4jBridgeUtility$       org.slf4j.bridge.SLF4JBridgeHandler installed.
2020-12-14 02:59:15,828 INF                  HttpMuxer$                HttpMuxer[/admin/metrics.json] = com.twitter.finagle.stats.MetricsExporter(com.twitter.finagle.stats.MetricsExporter)
2020-12-14 02:59:15,841 INF                  HttpMuxer$                HttpMuxer[/admin/per_host_metrics.json] = com.twitter.finagle.stats.HostMetricsExporter(com.twitter.finagle.stats.HostMetricsExporter)
2020-12-14 02:59:16,925 INF                  MainApp$                  Process started
2020-12-14 02:59:19,559 INF                  MainApp$                  admin http is disabled and will not be started.
2020-12-14 02:59:42,233 INF                  Slf4jBridgeUtility$       org.slf4j.bridge.SLF4JBridgeHandler installed.
2020-12-14 02:59:51,764 INF                  HttpMuxer$                HttpMuxer[/admin/metrics.json] = com.twitter.finagle.stats.MetricsExporter(com.twitter.finagle.stats.MetricsExporter)
2020-12-14 02:59:51,791 INF                  HttpMuxer$                HttpMuxer[/admin/per_host_metrics.json] = com.twitter.finagle.stats.HostMetricsExporter(com.twitter.finagle.stats.HostMetricsExporter)
2020-12-14 02:59:52,887 INF                  MainApp$                  Process started
2020-12-14 02:59:55,213 INF                  MainApp$                  admin http is disabled and will not be started.
2020-12-14 03:00:10,643 INF                  Slf4jBridgeUtility$       org.slf4j.bridge.SLF4JBridgeHandler installed.
2020-12-14 03:00:16,859 INF                  HttpMuxer$                HttpMuxer[/admin/metrics.json] = com.twitter.finagle.stats.MetricsExporter(com.twitter.finagle.stats.MetricsExporter)
2020-12-14 03:00:16,871 INF                  HttpMuxer$                HttpMuxer[/admin/per_host_metrics.json] = com.twitter.finagle.stats.HostMetricsExporter(com.twitter.finagle.stats.HostMetricsExporter)
2020-12-14 03:00:18,067 INF                  MainApp$                  Process started
2020-12-14 03:00:20,478 INF                  MainApp$                  admin http is disabled and will not be started.
2020-12-14 03:00:34,973 INF                  Slf4jBridgeUtility$       org.slf4j.bridge.SLF4JBridgeHandler installed.
2020-12-14 03:00:41,079 INF                  HttpMuxer$                HttpMuxer[/admin/metrics.json] = com.twitter.finagle.stats.MetricsExporter(com.twitter.finagle.stats.MetricsExporter)
2020-12-14 03:00:41,111 INF                  HttpMuxer$                HttpMuxer[/admin/per_host_metrics.json] = com.twitter.finagle.stats.HostMetricsExporter(com.twitter.finagle.stats.HostMetricsExporter)
2020-12-14 03:00:42,304 INF                  MainApp$                  Process started
2020-12-14 03:00:43,961 INF                  MainApp$                  admin http is disabled and will not be started.
2020-12-14 03:00:57,417 INF                  Slf4jBridgeUtility$       org.slf4j.bridge.SLF4JBridgeHandler installed.
2020-12-14 03:01:04,098 INF                  HttpMuxer$                HttpMuxer[/admin/metrics.json] = com.twitter.finagle.stats.MetricsExporter(com.twitter.finagle.stats.MetricsExporter)
2020-12-14 03:01:04,117 INF                  HttpMuxer$                HttpMuxer[/admin/per_host_metrics.json] = com.twitter.finagle.stats.HostMetricsExporter(com.twitter.finagle.stats.HostMetricsExporter)
2020-12-14 03:01:05,225 INF                  MainApp$                  Process started
2020-12-14 03:01:06,707 INF                  MainApp$                  admin http is disabled and will not be started.
2020-12-14 03:01:19,487 INF                  Slf4jBridgeUtility$       org.slf4j.bridge.SLF4JBridgeHandler installed.
2020-12-14 03:01:25,152 INF                  HttpMuxer$                HttpMuxer[/admin/metrics.json] = com.twitter.finagle.stats.MetricsExporter(com.twitter.finagle.stats.MetricsExporter)
2020-12-14 03:01:25,171 INF                  HttpMuxer$                HttpMuxer[/admin/per_host_metrics.json] = com.twitter.finagle.stats.HostMetricsExporter(com.twitter.finagle.stats.HostMetricsExporter)
2020-12-14 03:01:25,709 INF                  MainApp$                  Process started
2020-12-14 03:01:26,815 INF                  MainApp$                  admin http is disabled and will not be started.
2020-12-14 03:01:38,455 INF                  Slf4jBridgeUtility$       org.slf4j.bridge.SLF4JBridgeHandler installed.
2020-12-14 03:01:42,346 INF                  HttpMuxer$                HttpMuxer[/admin/metrics.json] = com.twitter.finagle.stats.MetricsExporter(com.twitter.finagle.stats.MetricsExporter)
2020-12-14 03:01:42,361 INF                  HttpMuxer$                HttpMuxer[/admin/per_host_metrics.json] = com.twitter.finagle.stats.HostMetricsExporter(com.twitter.finagle.stats.HostMetricsExporter)
2020-12-14 03:01:42,839 INF                  MainApp$                  Process started
2020-12-14 03:01:43,962 INF                  MainApp$                  admin http is disabled and will not be started.
2020-12-14 03:01:56,105 INF                  Slf4jBridgeUtility$       org.slf4j.bridge.SLF4JBridgeHandler installed.
2020-12-14 03:01:59,774 INF                  HttpMuxer$                HttpMuxer[/admin/metrics.json] = com.twitter.finagle.stats.MetricsExporter(com.twitter.finagle.stats.MetricsExporter)
2020-12-14 03:01:59,786 INF                  HttpMuxer$                HttpMuxer[/admin/per_host_metrics.json] = com.twitter.finagle.stats.HostMetricsExporter(com.twitter.finagle.stats.HostMetricsExporter)
2020-12-14 03:02:00,638 INF                  MainApp$                  Process started
2020-12-14 03:02:02,621 INF                  MainApp$                  admin http is disabled and will not be started.
2020-12-14 03:02:16,492 INF                  Slf4jBridgeUtility$       org.slf4j.bridge.SLF4JBridgeHandler installed.
2020-12-14 03:02:22,219 INF                  HttpMuxer$                HttpMuxer[/admin/metrics.json] = com.twitter.finagle.stats.MetricsExporter(com.twitter.finagle.stats.MetricsExporter)
2020-12-14 03:02:22,230 INF                  HttpMuxer$                HttpMuxer[/admin/per_host_metrics.json] = com.twitter.finagle.stats.HostMetricsExporter(com.twitter.finagle.stats.HostMetricsExporter)
2020-12-14 03:02:23,227 INF                  MainApp$                  Process started
2020-12-14 03:02:25,821 INF                  MainApp$                  admin http is disabled and will not be started.
2020-12-14 03:02:38,998 INF                  Slf4jBridgeUtility$       org.slf4j.bridge.SLF4JBridgeHandler installed.
2020-12-14 03:02:43,549 INF                  HttpMuxer$                HttpMuxer[/admin/metrics.json] = com.twitter.finagle.stats.MetricsExporter(com.twitter.finagle.stats.MetricsExporter)
2020-12-14 03:02:43,565 INF                  HttpMuxer$                HttpMuxer[/admin/per_host_metrics.json] = com.twitter.finagle.stats.HostMetricsExporter(com.twitter.finagle.stats.HostMetricsExporter)
2020-12-14 03:02:44,700 INF                  MainApp$                  Process started
2020-12-14 03:02:46,217 INF                  MainApp$                  admin http is disabled and will not be started.
2020-12-14 03:02:55,569 INF                  Slf4jBridgeUtility$       org.slf4j.bridge.SLF4JBridgeHandler installed.
2020-12-14 03:03:00,723 INF                  HttpMuxer$                HttpMuxer[/admin/metrics.json] = com.twitter.finagle.stats.MetricsExporter(com.twitter.finagle.stats.MetricsExporter)
2020-12-14 03:03:00,737 INF                  HttpMuxer$                HttpMuxer[/admin/per_host_metrics.json] = com.twitter.finagle.stats.HostMetricsExporter(com.twitter.finagle.stats.HostMetricsExporter)
2020-12-14 03:03:01,354 INF                  MainApp$                  Process started
2020-12-14 03:03:02,540 INF                  MainApp$                  admin http is disabled and will not be started.
2020-12-14 03:03:13,379 INF                  Slf4jBridgeUtility$       org.slf4j.bridge.SLF4JBridgeHandler installed.
2020-12-14 03:03:17,192 INF                  HttpMuxer$                HttpMuxer[/admin/metrics.json] = com.twitter.finagle.stats.MetricsExporter(com.twitter.finagle.stats.MetricsExporter)
2020-12-14 03:03:17,197 INF                  HttpMuxer$                HttpMuxer[/admin/per_host_metrics.json] = com.twitter.finagle.stats.HostMetricsExporter(com.twitter.finagle.stats.HostMetricsExporter)
2020-12-14 03:03:17,904 INF                  MainApp$                  Process started
2020-12-14 03:03:18,908 INF                  MainApp$                  admin http is disabled and will not be started.
2020-12-14 03:03:30,874 INF                  Slf4jBridgeUtility$       org.slf4j.bridge.SLF4JBridgeHandler installed.
2020-12-14 03:03:34,897 INF                  HttpMuxer$                HttpMuxer[/admin/metrics.json] = com.twitter.finagle.stats.MetricsExporter(com.twitter.finagle.stats.MetricsExporter)
2020-12-14 03:03:34,908 INF                  HttpMuxer$                HttpMuxer[/admin/per_host_metrics.json] = com.twitter.finagle.stats.HostMetricsExporter(com.twitter.finagle.stats.HostMetricsExporter)
2020-12-14 03:03:35,588 INF                  MainApp$                  Process started
2020-12-14 03:03:36,855 INF                  MainApp$                  admin http is disabled and will not be started.
2020-12-14 03:03:47,493 INF                  Slf4jBridgeUtility$       org.slf4j.bridge.SLF4JBridgeHandler installed.
2020-12-14 03:03:52,830 INF                  HttpMuxer$                HttpMuxer[/admin/metrics.json] = com.twitter.finagle.stats.MetricsExporter(com.twitter.finagle.stats.MetricsExporter)
2020-12-14 03:03:52,838 INF                  HttpMuxer$                HttpMuxer[/admin/per_host_metrics.json] = com.twitter.finagle.stats.HostMetricsExporter(com.twitter.finagle.stats.HostMetricsExporter)
2020-12-14 03:03:53,396 INF                  MainApp$                  Process started
2020-12-14 03:03:54,688 INF                  MainApp$                  admin http is disabled and will not be started.
2020-12-14 03:04:05,487 INF                  Slf4jBridgeUtility$       org.slf4j.bridge.SLF4JBridgeHandler installed.
2020-12-14 03:04:09,550 INF                  HttpMuxer$                HttpMuxer[/admin/metrics.json] = com.twitter.finagle.stats.MetricsExporter(com.twitter.finagle.stats.MetricsExporter)
2020-12-14 03:04:09,558 INF                  HttpMuxer$                HttpMuxer[/admin/per_host_metrics.json] = com.twitter.finagle.stats.HostMetricsExporter(com.twitter.finagle.stats.HostMetricsExporter)
2020-12-14 03:04:10,178 INF                  MainApp$                  Process started
2020-12-14 03:04:11,772 INF                  MainApp$                  admin http is disabled and will not be started.
2020-12-14 03:04:23,400 INF                  Slf4jBridgeUtility$       org.slf4j.bridge.SLF4JBridgeHandler installed.
2020-12-14 03:04:27,596 INF                  HttpMuxer$                HttpMuxer[/admin/metrics.json] = com.twitter.finagle.stats.MetricsExporter(com.twitter.finagle.stats.MetricsExporter)
2020-12-14 03:04:27,613 INF                  HttpMuxer$                HttpMuxer[/admin/per_host_metrics.json] = com.twitter.finagle.stats.HostMetricsExporter(com.twitter.finagle.stats.HostMetricsExporter)
2020-12-14 03:04:28,220 INF                  MainApp$                  Process started
2020-12-14 03:04:29,720 INF                  MainApp$                  admin http is disabled and will not be started.
2020-12-14 03:04:41,446 INF                  Slf4jBridgeUtility$       org.slf4j.bridge.SLF4JBridgeHandler installed.
2020-12-14 03:04:46,322 INF                  HttpMuxer$                HttpMuxer[/admin/metrics.json] = com.twitter.finagle.stats.MetricsExporter(com.twitter.finagle.stats.MetricsExporter)
2020-12-14 03:04:46,329 INF                  HttpMuxer$                HttpMuxer[/admin/per_host_metrics.json] = com.twitter.finagle.stats.HostMetricsExporter(com.twitter.finagle.stats.HostMetricsExporter)
2020-12-14 03:04:46,928 INF                  MainApp$                  Process started
2020-12-14 03:04:47,997 INF                  MainApp$                  admin http is disabled and will not be started.
2020-12-14 03:04:57,689 INF                  Slf4jBridgeUtility$       org.slf4j.bridge.SLF4JBridgeHandler installed.
2020-12-14 03:05:03,914 INF                  HttpMuxer$                HttpMuxer[/admin/metrics.json] = com.twitter.finagle.stats.MetricsExporter(com.twitter.finagle.stats.MetricsExporter)
2020-12-14 03:05:03,928 INF                  HttpMuxer$                HttpMuxer[/admin/per_host_metrics.json] = com.twitter.finagle.stats.HostMetricsExporter(com.twitter.finagle.stats.HostMetricsExporter)
2020-12-14 03:05:04,600 INF                  MainApp$                  Process started
2020-12-14 03:05:05,786 INF                  MainApp$                  admin http is disabled and will not be started.
2020-12-14 03:05:16,514 INF                  Slf4jBridgeUtility$       org.slf4j.bridge.SLF4JBridgeHandler installed.
2020-12-14 03:05:20,998 INF                  HttpMuxer$                HttpMuxer[/admin/metrics.json] = com.twitter.finagle.stats.MetricsExporter(com.twitter.finagle.stats.MetricsExporter)
2020-12-14 03:05:21,011 INF                  HttpMuxer$                HttpMuxer[/admin/per_host_metrics.json] = com.twitter.finagle.stats.HostMetricsExporter(com.twitter.finagle.stats.HostMetricsExporter)
2020-12-14 03:05:21,604 INF                  MainApp$                  Process started
2020-12-14 03:05:22,788 INF                  MainApp$                  admin http is disabled and will not be started.
2020-12-14 03:05:35,350 INF                  Slf4jBridgeUtility$       org.slf4j.bridge.SLF4JBridgeHandler installed.
2020-12-14 03:05:39,192 INF                  HttpMuxer$                HttpMuxer[/admin/metrics.json] = com.twitter.finagle.stats.MetricsExporter(com.twitter.finagle.stats.MetricsExporter)
2020-12-14 03:05:39,201 INF                  HttpMuxer$                HttpMuxer[/admin/per_host_metrics.json] = com.twitter.finagle.stats.HostMetricsExporter(com.twitter.finagle.stats.HostMetricsExporter)
2020-12-14 03:05:39,895 INF                  MainApp$                  Process started
2020-12-14 03:05:41,287 INF                  MainApp$                  admin http is disabled and will not be started.
2020-12-14 03:05:56,327 INF                  Slf4jBridgeUtility$       org.slf4j.bridge.SLF4JBridgeHandler installed.
2020-12-14 03:06:00,275 INF                  HttpMuxer$                HttpMuxer[/admin/metrics.json] = com.twitter.finagle.stats.MetricsExporter(com.twitter.finagle.stats.MetricsExporter)
2020-12-14 03:06:00,281 INF                  HttpMuxer$                HttpMuxer[/admin/per_host_metrics.json] = com.twitter.finagle.stats.HostMetricsExporter(com.twitter.finagle.stats.HostMetricsExporter)
2020-12-14 03:06:00,901 INF                  MainApp$                  Process started
2020-12-14 03:06:02,154 INF                  MainApp$                  admin http is disabled and will not be started.
2020-12-14 03:06:13,828 INF                  Slf4jBridgeUtility$       org.slf4j.bridge.SLF4JBridgeHandler installed.
2020-12-14 03:06:18,304 INF                  HttpMuxer$                HttpMuxer[/admin/metrics.json] = com.twitter.finagle.stats.MetricsExporter(com.twitter.finagle.stats.MetricsExporter)
2020-12-14 03:06:18,310 INF                  HttpMuxer$                HttpMuxer[/admin/per_host_metrics.json] = com.twitter.finagle.stats.HostMetricsExporter(com.twitter.finagle.stats.HostMetricsExporter)
2020-12-14 03:06:18,785 INF                  MainApp$                  Process started
2020-12-14 03:06:20,139 INF                  MainApp$                  admin http is disabled and will not be started.
2020-12-14 03:06:31,766 INF                  Slf4jBridgeUtility$       org.slf4j.bridge.SLF4JBridgeHandler installed.
2020-12-14 03:06:37,648 INF                  HttpMuxer$                HttpMuxer[/admin/metrics.json] = com.twitter.finagle.stats.MetricsExporter(com.twitter.finagle.stats.MetricsExporter)
2020-12-14 03:06:37,659 INF                  HttpMuxer$                HttpMuxer[/admin/per_host_metrics.json] = com.twitter.finagle.stats.HostMetricsExporter(com.twitter.finagle.stats.HostMetricsExporter)
2020-12-14 03:06:39,366 INF                  MainApp$                  Process started
2020-12-14 03:06:41,830 INF                  MainApp$                  admin http is disabled and will not be started.
2020-12-14 03:06:53,087 INF                  Slf4jBridgeUtility$       org.slf4j.bridge.SLF4JBridgeHandler installed.
2020-12-14 03:06:58,727 INF                  HttpMuxer$                HttpMuxer[/admin/metrics.json] = com.twitter.finagle.stats.MetricsExporter(com.twitter.finagle.stats.MetricsExporter)
2020-12-14 03:06:58,733 INF                  HttpMuxer$                HttpMuxer[/admin/per_host_metrics.json] = com.twitter.finagle.stats.HostMetricsExporter(com.twitter.finagle.stats.HostMetricsExporter)
2020-12-14 03:06:59,349 INF                  MainApp$                  Process started
2020-12-14 03:07:00,606 INF                  MainApp$                  admin http is disabled and will not be started.
2020-12-14 03:07:14,117 INF                  Slf4jBridgeUtility$       org.slf4j.bridge.SLF4JBridgeHandler installed.
2020-12-14 03:07:18,639 INF                  HttpMuxer$                HttpMuxer[/admin/metrics.json] = com.twitter.finagle.stats.MetricsExporter(com.twitter.finagle.stats.MetricsExporter)
2020-12-14 03:07:18,651 INF                  HttpMuxer$                HttpMuxer[/admin/per_host_metrics.json] = com.twitter.finagle.stats.HostMetricsExporter(com.twitter.finagle.stats.HostMetricsExporter)
2020-12-14 03:07:19,185 INF                  MainApp$                  Process started
2020-12-14 03:07:20,241 INF                  MainApp$                  admin http is disabled and will not be started.
2020-12-14 03:07:30,039 INF                  Slf4jBridgeUtility$       org.slf4j.bridge.SLF4JBridgeHandler installed.
2020-12-14 03:07:32,767 INF                  HttpMuxer$                HttpMuxer[/admin/metrics.json] = com.twitter.finagle.stats.MetricsExporter(com.twitter.finagle.stats.MetricsExporter)
2020-12-14 03:07:32,780 INF                  HttpMuxer$                HttpMuxer[/admin/per_host_metrics.json] = com.twitter.finagle.stats.HostMetricsExporter(com.twitter.finagle.stats.HostMetricsExporter)
2020-12-14 03:07:33,550 INF                  MainApp$                  Process started
2020-12-14 03:07:35,542 INF                  MainApp$                  admin http is disabled and will not be started.
2020-12-14 03:07:43,426 INF                  Slf4jBridgeUtility$       org.slf4j.bridge.SLF4JBridgeHandler installed.
2020-12-14 03:07:49,293 INF                  HttpMuxer$                HttpMuxer[/admin/metrics.json] = com.twitter.finagle.stats.MetricsExporter(com.twitter.finagle.stats.MetricsExporter)
2020-12-14 03:07:49,310 INF                  HttpMuxer$                HttpMuxer[/admin/per_host_metrics.json] = com.twitter.finagle.stats.HostMetricsExporter(com.twitter.finagle.stats.HostMetricsExporter)
2020-12-14 03:07:49,804 INF                  MainApp$                  Process started
2020-12-14 03:07:50,688 INF                  MainApp$                  admin http is disabled and will not be started.
2020-12-14 03:07:59,554 INF                  Slf4jBridgeUtility$       org.slf4j.bridge.SLF4JBridgeHandler installed.
2020-12-14 03:08:02,761 INF                  HttpMuxer$                HttpMuxer[/admin/metrics.json] = com.twitter.finagle.stats.MetricsExporter(com.twitter.finagle.stats.MetricsExporter)
2020-12-14 03:08:02,768 INF                  HttpMuxer$                HttpMuxer[/admin/per_host_metrics.json] = com.twitter.finagle.stats.HostMetricsExporter(com.twitter.finagle.stats.HostMetricsExporter)
2020-12-14 03:08:03,217 INF                  MainApp$                  Process started
2020-12-14 03:08:04,439 INF                  MainApp$                  admin http is disabled and will not be started.
2020-12-14 03:08:12,793 INF                  Slf4jBridgeUtility$       org.slf4j.bridge.SLF4JBridgeHandler installed.
2020-12-14 03:08:15,521 INF                  HttpMuxer$                HttpMuxer[/admin/metrics.json] = com.twitter.finagle.stats.MetricsExporter(com.twitter.finagle.stats.MetricsExporter)
2020-12-14 03:08:15,526 INF                  HttpMuxer$                HttpMuxer[/admin/per_host_metrics.json] = com.twitter.finagle.stats.HostMetricsExporter(com.twitter.finagle.stats.HostMetricsExporter)
2020-12-14 03:08:15,825 INF                  MainApp$                  Process started
2020-12-14 03:08:16,608 INF                  MainApp$                  admin http is disabled and will not be started.
2020-12-14 03:08:25,524 INF                  Slf4jBridgeUtility$       org.slf4j.bridge.SLF4JBridgeHandler installed.
2020-12-14 03:08:28,027 INF                  HttpMuxer$                HttpMuxer[/admin/metrics.json] = com.twitter.finagle.stats.MetricsExporter(com.twitter.finagle.stats.MetricsExporter)
2020-12-14 03:08:28,039 INF                  HttpMuxer$                HttpMuxer[/admin/per_host_metrics.json] = com.twitter.finagle.stats.HostMetricsExporter(com.twitter.finagle.stats.HostMetricsExporter)
2020-12-14 03:08:28,401 INF                  MainApp$                  Process started
2020-12-14 03:08:29,208 INF                  MainApp$                  admin http is disabled and will not be started.
2020-12-14 03:08:36,894 INF                  Slf4jBridgeUtility$       org.slf4j.bridge.SLF4JBridgeHandler installed.
2020-12-14 03:08:43,410 INF                  HttpMuxer$                HttpMuxer[/admin/metrics.json] = com.twitter.finagle.stats.MetricsExporter(com.twitter.finagle.stats.MetricsExporter)
2020-12-14 03:08:43,420 INF                  HttpMuxer$                HttpMuxer[/admin/per_host_metrics.json] = com.twitter.finagle.stats.HostMetricsExporter(com.twitter.finagle.stats.HostMetricsExporter)
2020-12-14 03:08:44,044 INF                  MainApp$                  Process started
2020-12-14 03:08:45,249 INF                  MainApp$                  admin http is disabled and will not be started.
2020-12-14 03:08:53,759 INF                  Slf4jBridgeUtility$       org.slf4j.bridge.SLF4JBridgeHandler installed.
2020-12-14 03:08:58,023 INF                  HttpMuxer$                HttpMuxer[/admin/metrics.json] = com.twitter.finagle.stats.MetricsExporter(com.twitter.finagle.stats.MetricsExporter)
2020-12-14 03:08:58,029 INF                  HttpMuxer$                HttpMuxer[/admin/per_host_metrics.json] = com.twitter.finagle.stats.HostMetricsExporter(com.twitter.finagle.stats.HostMetricsExporter)
2020-12-14 03:08:58,759 INF                  MainApp$                  Process started
2020-12-14 03:09:00,604 INF                  MainApp$                  admin http is disabled and will not be started.
2020-12-14 03:09:08,318 INF                  Slf4jBridgeUtility$       org.slf4j.bridge.SLF4JBridgeHandler installed.
2020-12-14 03:09:11,606 INF                  HttpMuxer$                HttpMuxer[/admin/metrics.json] = com.twitter.finagle.stats.MetricsExporter(com.twitter.finagle.stats.MetricsExporter)
2020-12-14 03:09:11,611 INF                  HttpMuxer$                HttpMuxer[/admin/per_host_metrics.json] = com.twitter.finagle.stats.HostMetricsExporter(com.twitter.finagle.stats.HostMetricsExporter)
2020-12-14 03:09:12,248 INF                  MainApp$                  Process started
2020-12-14 03:09:13,613 INF                  MainApp$                  admin http is disabled and will not be started.
2020-12-14 03:09:24,232 INF                  Slf4jBridgeUtility$       org.slf4j.bridge.SLF4JBridgeHandler installed.
2020-12-14 03:09:28,019 INF                  HttpMuxer$                HttpMuxer[/admin/metrics.json] = com.twitter.finagle.stats.MetricsExporter(com.twitter.finagle.stats.MetricsExporter)
2020-12-14 03:09:28,031 INF                  HttpMuxer$                HttpMuxer[/admin/per_host_metrics.json] = com.twitter.finagle.stats.HostMetricsExporter(com.twitter.finagle.stats.HostMetricsExporter)
2020-12-14 03:09:28,765 INF                  MainApp$                  Process started
2020-12-14 03:09:29,685 INF                  MainApp$                  admin http is disabled and will not be started.
2020-12-14 03:09:38,357 INF                  Slf4jBridgeUtility$       org.slf4j.bridge.SLF4JBridgeHandler installed.
2020-12-14 03:09:43,356 INF                  HttpMuxer$                HttpMuxer[/admin/metrics.json] = com.twitter.finagle.stats.MetricsExporter(com.twitter.finagle.stats.MetricsExporter)
2020-12-14 03:09:43,361 INF                  HttpMuxer$                HttpMuxer[/admin/per_host_metrics.json] = com.twitter.finagle.stats.HostMetricsExporter(com.twitter.finagle.stats.HostMetricsExporter)
2020-12-14 03:09:43,656 INF                  MainApp$                  Process started
2020-12-14 03:09:44,863 INF                  MainApp$                  admin http is disabled and will not be started.
2020-12-14 03:09:53,926 INF                  Slf4jBridgeUtility$       org.slf4j.bridge.SLF4JBridgeHandler installed.
2020-12-14 03:09:57,009 INF                  HttpMuxer$                HttpMuxer[/admin/metrics.json] = com.twitter.finagle.stats.MetricsExporter(com.twitter.finagle.stats.MetricsExporter)
2020-12-14 03:09:57,013 INF                  HttpMuxer$                HttpMuxer[/admin/per_host_metrics.json] = com.twitter.finagle.stats.HostMetricsExporter(com.twitter.finagle.stats.HostMetricsExporter)
2020-12-14 03:09:57,593 INF                  MainApp$                  Process started
2020-12-14 03:09:58,871 INF                  MainApp$                  admin http is disabled and will not be started.
2020-12-14 03:10:06,742 INF                  Slf4jBridgeUtility$       org.slf4j.bridge.SLF4JBridgeHandler installed.
2020-12-14 03:10:09,233 INF                  HttpMuxer$                HttpMuxer[/admin/metrics.json] = com.twitter.finagle.stats.MetricsExporter(com.twitter.finagle.stats.MetricsExporter)
2020-12-14 03:10:09,246 INF                  HttpMuxer$                HttpMuxer[/admin/per_host_metrics.json] = com.twitter.finagle.stats.HostMetricsExporter(com.twitter.finagle.stats.HostMetricsExporter)
2020-12-14 03:10:09,627 INF                  MainApp$                  Process started
2020-12-14 03:10:10,311 INF                  MainApp$                  admin http is disabled and will not be started.
2020-12-14 03:10:18,945 INF                  Slf4jBridgeUtility$       org.slf4j.bridge.SLF4JBridgeHandler installed.
2020-12-14 03:10:22,624 INF                  HttpMuxer$                HttpMuxer[/admin/metrics.json] = com.twitter.finagle.stats.MetricsExporter(com.twitter.finagle.stats.MetricsExporter)
2020-12-14 03:10:22,630 INF                  HttpMuxer$                HttpMuxer[/admin/per_host_metrics.json] = com.twitter.finagle.stats.HostMetricsExporter(com.twitter.finagle.stats.HostMetricsExporter)
2020-12-14 03:10:23,010 INF                  MainApp$                  Process started
2020-12-14 03:10:23,716 INF                  MainApp$                  admin http is disabled and will not be started.
2020-12-14 03:10:31,197 INF                  Slf4jBridgeUtility$       org.slf4j.bridge.SLF4JBridgeHandler installed.
2020-12-14 03:10:33,548 INF                  HttpMuxer$                HttpMuxer[/admin/metrics.json] = com.twitter.finagle.stats.MetricsExporter(com.twitter.finagle.stats.MetricsExporter)
2020-12-14 03:10:33,552 INF                  HttpMuxer$                HttpMuxer[/admin/per_host_metrics.json] = com.twitter.finagle.stats.HostMetricsExporter(com.twitter.finagle.stats.HostMetricsExporter)
2020-12-14 03:10:33,892 INF                  MainApp$                  Process started
2020-12-14 03:10:34,695 INF                  MainApp$                  admin http is disabled and will not be started.
2020-12-14 03:10:40,990 INF                  Slf4jBridgeUtility$       org.slf4j.bridge.SLF4JBridgeHandler installed.
2020-12-14 03:10:43,548 INF                  HttpMuxer$                HttpMuxer[/admin/metrics.json] = com.twitter.finagle.stats.MetricsExporter(com.twitter.finagle.stats.MetricsExporter)
2020-12-14 03:10:43,553 INF                  HttpMuxer$                HttpMuxer[/admin/per_host_metrics.json] = com.twitter.finagle.stats.HostMetricsExporter(com.twitter.finagle.stats.HostMetricsExporter)
2020-12-14 03:10:44,192 INF                  MainApp$                  Process started
2020-12-14 03:10:45,268 INF                  MainApp$                  admin http is disabled and will not be started.
2020-12-14 03:10:55,182 INF                  Slf4jBridgeUtility$       org.slf4j.bridge.SLF4JBridgeHandler installed.
2020-12-14 03:10:58,213 INF                  HttpMuxer$                HttpMuxer[/admin/metrics.json] = com.twitter.finagle.stats.MetricsExporter(com.twitter.finagle.stats.MetricsExporter)
2020-12-14 03:10:58,258 INF                  HttpMuxer$                HttpMuxer[/admin/per_host_metrics.json] = com.twitter.finagle.stats.HostMetricsExporter(com.twitter.finagle.stats.HostMetricsExporter)
2020-12-14 03:10:58,977 INF                  MainApp$                  Process started
2020-12-14 03:11:01,757 INF                  MainApp$                  admin http is disabled and will not be started.
2020-12-14 03:11:13,034 INF                  Slf4jBridgeUtility$       org.slf4j.bridge.SLF4JBridgeHandler installed.
2020-12-14 03:11:16,933 INF                  HttpMuxer$                HttpMuxer[/admin/metrics.json] = com.twitter.finagle.stats.MetricsExporter(com.twitter.finagle.stats.MetricsExporter)
2020-12-14 03:11:16,945 INF                  HttpMuxer$                HttpMuxer[/admin/per_host_metrics.json] = com.twitter.finagle.stats.HostMetricsExporter(com.twitter.finagle.stats.HostMetricsExporter)
2020-12-14 03:11:17,520 INF                  MainApp$                  Process started
2020-12-14 03:11:18,537 INF                  MainApp$                  admin http is disabled and will not be started.
2020-12-14 03:11:28,382 INF                  Slf4jBridgeUtility$       org.slf4j.bridge.SLF4JBridgeHandler installed.
2020-12-14 03:11:32,957 INF                  HttpMuxer$                HttpMuxer[/admin/metrics.json] = com.twitter.finagle.stats.MetricsExporter(com.twitter.finagle.stats.MetricsExporter)
2020-12-14 03:11:32,979 INF                  HttpMuxer$                HttpMuxer[/admin/per_host_metrics.json] = com.twitter.finagle.stats.HostMetricsExporter(com.twitter.finagle.stats.HostMetricsExporter)
2020-12-14 03:11:33,509 INF                  MainApp$                  Process started
2020-12-14 03:11:34,519 INF                  MainApp$                  admin http is disabled and will not be started.
2020-12-14 03:11:43,198 INF                  Slf4jBridgeUtility$       org.slf4j.bridge.SLF4JBridgeHandler installed.
2020-12-14 03:11:46,737 INF                  HttpMuxer$                HttpMuxer[/admin/metrics.json] = com.twitter.finagle.stats.MetricsExporter(com.twitter.finagle.stats.MetricsExporter)
2020-12-14 03:11:46,742 INF                  HttpMuxer$                HttpMuxer[/admin/per_host_metrics.json] = com.twitter.finagle.stats.HostMetricsExporter(com.twitter.finagle.stats.HostMetricsExporter)
2020-12-14 03:11:47,275 INF                  MainApp$                  Process started
2020-12-14 03:11:48,631 INF                  MainApp$                  admin http is disabled and will not be started.
2020-12-14 03:11:55,505 INF                  Slf4jBridgeUtility$       org.slf4j.bridge.SLF4JBridgeHandler installed.
2020-12-14 03:11:59,140 INF                  HttpMuxer$                HttpMuxer[/admin/metrics.json] = com.twitter.finagle.stats.MetricsExporter(com.twitter.finagle.stats.MetricsExporter)
2020-12-14 03:11:59,149 INF                  HttpMuxer$                HttpMuxer[/admin/per_host_metrics.json] = com.twitter.finagle.stats.HostMetricsExporter(com.twitter.finagle.stats.HostMetricsExporter)
2020-12-14 03:11:59,471 INF                  MainApp$                  Process started
2020-12-14 03:12:00,179 INF                  MainApp$                  admin http is disabled and will not be started.
2020-12-14 03:12:09,733 INF                  Slf4jBridgeUtility$       org.slf4j.bridge.SLF4JBridgeHandler installed.
2020-12-14 03:12:13,867 INF                  HttpMuxer$                HttpMuxer[/admin/metrics.json] = com.twitter.finagle.stats.MetricsExporter(com.twitter.finagle.stats.MetricsExporter)
2020-12-14 03:12:13,873 INF                  HttpMuxer$                HttpMuxer[/admin/per_host_metrics.json] = com.twitter.finagle.stats.HostMetricsExporter(com.twitter.finagle.stats.HostMetricsExporter)
2020-12-14 03:12:14,223 INF                  MainApp$                  Process started
2020-12-14 03:12:15,176 INF                  MainApp$                  admin http is disabled and will not be started.
2020-12-14 03:12:22,994 INF                  Slf4jBridgeUtility$       org.slf4j.bridge.SLF4JBridgeHandler installed.
2020-12-14 03:12:27,153 INF                  HttpMuxer$                HttpMuxer[/admin/metrics.json] = com.twitter.finagle.stats.MetricsExporter(com.twitter.finagle.stats.MetricsExporter)
2020-12-14 03:12:27,157 INF                  HttpMuxer$                HttpMuxer[/admin/per_host_metrics.json] = com.twitter.finagle.stats.HostMetricsExporter(com.twitter.finagle.stats.HostMetricsExporter)
2020-12-14 03:12:27,494 INF                  MainApp$                  Process started
2020-12-14 03:12:28,205 INF                  MainApp$                  admin http is disabled and will not be started.
2020-12-14 03:12:36,455 INF                  Slf4jBridgeUtility$       org.slf4j.bridge.SLF4JBridgeHandler installed.
2020-12-14 03:12:39,416 INF                  HttpMuxer$                HttpMuxer[/admin/metrics.json] = com.twitter.finagle.stats.MetricsExporter(com.twitter.finagle.stats.MetricsExporter)
2020-12-14 03:12:39,426 INF                  HttpMuxer$                HttpMuxer[/admin/per_host_metrics.json] = com.twitter.finagle.stats.HostMetricsExporter(com.twitter.finagle.stats.HostMetricsExporter)
2020-12-14 03:12:39,763 INF                  MainApp$                  Process started
2020-12-14 03:12:41,177 INF                  MainApp$                  admin http is disabled and will not be started.
2020-12-14 03:12:51,871 INF                  Slf4jBridgeUtility$       org.slf4j.bridge.SLF4JBridgeHandler installed.
2020-12-14 03:12:54,745 INF                  HttpMuxer$                HttpMuxer[/admin/metrics.json] = com.twitter.finagle.stats.MetricsExporter(com.twitter.finagle.stats.MetricsExporter)
2020-12-14 03:12:54,752 INF                  HttpMuxer$                HttpMuxer[/admin/per_host_metrics.json] = com.twitter.finagle.stats.HostMetricsExporter(com.twitter.finagle.stats.HostMetricsExporter)
2020-12-14 03:12:55,274 INF                  MainApp$                  Process started
2020-12-14 03:12:56,151 INF                  MainApp$                  admin http is disabled and will not be started.
2020-12-14 03:13:08,127 INF                  Slf4jBridgeUtility$       org.slf4j.bridge.SLF4JBridgeHandler installed.
2020-12-14 03:13:12,249 INF                  HttpMuxer$                HttpMuxer[/admin/metrics.json] = com.twitter.finagle.stats.MetricsExporter(com.twitter.finagle.stats.MetricsExporter)
2020-12-14 03:13:12,265 INF                  HttpMuxer$                HttpMuxer[/admin/per_host_metrics.json] = com.twitter.finagle.stats.HostMetricsExporter(com.twitter.finagle.stats.HostMetricsExporter)
2020-12-14 03:13:12,720 INF                  MainApp$                  Process started
2020-12-14 03:13:13,486 INF                  MainApp$                  admin http is disabled and will not be started.
2020-12-14 03:13:23,128 INF                  Slf4jBridgeUtility$       org.slf4j.bridge.SLF4JBridgeHandler installed.
2020-12-14 03:13:27,275 INF                  HttpMuxer$                HttpMuxer[/admin/metrics.json] = com.twitter.finagle.stats.MetricsExporter(com.twitter.finagle.stats.MetricsExporter)
2020-12-14 03:13:27,286 INF                  HttpMuxer$                HttpMuxer[/admin/per_host_metrics.json] = com.twitter.finagle.stats.HostMetricsExporter(com.twitter.finagle.stats.HostMetricsExporter)
2020-12-14 03:13:27,720 INF                  MainApp$                  Process started
2020-12-14 03:13:28,783 INF                  MainApp$                  admin http is disabled and will not be started.
